The target system is: Generic -  - 
The host system is: Linux - 6.2.0-32-generic - x86_64
Compiling the C compiler identification source file "CMakeCCompilerId.c" succeeded.
Compiler: /opt/esp/tools/xtensa-esp32-elf/esp-12.2.0_20230208/xtensa-esp32-elf/bin/xtensa-esp32-elf-gcc 
Build flags: -mlongcalls;-Wno-frame-address;
Id flags:  

The output was:
0


Compilation of the C compiler identification source "CMakeCCompilerId.c" produced "a.out"

The C compiler identification is GNU, found in "/data/lab09n3/build/CMakeFiles/3.24.0/CompilerIdC/a.out"

Compiling the CXX compiler identification source file "CMakeCXXCompilerId.cpp" succeeded.
Compiler: /opt/esp/tools/xtensa-esp32-elf/esp-12.2.0_20230208/xtensa-esp32-elf/bin/xtensa-esp32-elf-g++ 
Build flags: -mlongcalls;-Wno-frame-address;
Id flags:  

The output was:
0


Compilation of the CXX compiler identification source "CMakeCXXCompilerId.cpp" produced "a.out"

The CXX compiler identification is GNU, found in "/data/lab09n3/build/CMakeFiles/3.24.0/CompilerIdCXX/a.out"

Checking whether the ASM compiler is GNU using "--version" matched "(GNU assembler)|(GCC)|(Free Software Foundation)":
xtensa-esp32-elf-gcc (crosstool-NG esp-12.2.0_20230208) 12.2.0
Copyright (C) 2022 Free Software Foundation, Inc.
This is free software; see the source for copying conditions.  There is NO
warranty; not even for MERCHANTABILITY or FITNESS FOR A PARTICULAR PURPOSE.

Detecting C compiler ABI info compiled with the following output:
Change Dir: /data/lab09n3/build/CMakeFiles/CMakeTmp

Run Build Command(s):/usr/bin/ninja cmTC_9de1f && [1/2] Building C object CMakeFiles/cmTC_9de1f.dir/CMakeCCompilerABI.c.obj
Using built-in specs.
COLLECT_GCC=/opt/esp/tools/xtensa-esp32-elf/esp-12.2.0_20230208/xtensa-esp32-elf/bin/xtensa-esp32-elf-gcc
Target: xtensa-esp32-elf
Configured with: /builds/idf/crosstool-NG/.build/xtensa-esp32-elf/src/gcc/configure --build=x86_64-build_pc-linux-gnu --host=x86_64-build_pc-linux-gnu --target=xtensa-esp32-elf --prefix=/builds/idf/crosstool-NG/builds/xtensa-esp32-elf --exec_prefix=/builds/idf/crosstool-NG/builds/xtensa-esp32-elf --with-local-prefix=/builds/idf/crosstool-NG/builds/xtensa-esp32-elf/xtensa-esp32-elf --with-headers=/builds/idf/crosstool-NG/builds/xtensa-esp32-elf/xtensa-esp32-elf/include --with-newlib --enable-threads=no --disable-shared --with-pkgversion='crosstool-NG esp-12.2.0_20230208' --disable-__cxa_atexit --enable-cxx-flags=-ffunction-sections --disable-libgomp --disable-libmudflap --disable-libmpx --disable-libssp --disable-libquadmath --disable-libquadmath-support --disable-libstdcxx-verbose --with-gmp=/builds/idf/crosstool-NG/.build/xtensa-esp32-elf/buildtools --with-mpfr=/builds/idf/crosstool-NG/.build/xtensa-esp32-elf/buildtools --with-mpc=/builds/idf/crosstool-NG/.build/xtensa-esp32-elf/buildtools --with-isl=/builds/idf/crosstool-NG/.build/xtensa-esp32-elf/buildtools --enable-lto --enable-target-optspace --without-long-double-128 --disable-nls --enable-multiarch --enable-languages=c,c++ --disable-libstdcxx-verbose --enable-threads=posix --enable-gcov-custom-rtio --enable-libstdcxx-time=yes
Thread model: posix
Supported LTO compression algorithms: zlib
gcc version 12.2.0 (crosstool-NG esp-12.2.0_20230208) 
COLLECT_GCC_OPTIONS='-mlongcalls' '-Wno-frame-address' '-v' '-o' 'CMakeFiles/cmTC_9de1f.dir/CMakeCCompilerABI.c.obj' '-c' '-dumpdir' 'CMakeFiles/cmTC_9de1f.dir/'
 /opt/esp/tools/xtensa-esp32-elf/esp-12.2.0_20230208/xtensa-esp32-elf/bin/../libexec/gcc/xtensa-esp32-elf/12.2.0/cc1 -quiet -v -iprefix /opt/esp/tools/xtensa-esp32-elf/esp-12.2.0_20230208/xtensa-esp32-elf/bin/../lib/gcc/xtensa-esp32-elf/12.2.0/ /opt/esp/tools/cmake/3.24.0/share/cmake-3.24/Modules/CMakeCCompilerABI.c -quiet -dumpdir CMakeFiles/cmTC_9de1f.dir/ -dumpbase CMakeCCompilerABI.c.c -dumpbase-ext .c -mlongcalls -Wno-frame-address -version -o /tmp/ccgBnLVO.s
GNU C17 (crosstool-NG esp-12.2.0_20230208) version 12.2.0 (xtensa-esp32-elf)
	compiled by GNU C version 4.9.2, GMP version 6.2.1, MPFR version 4.1.0, MPC version 1.2.1, isl version isl-0.24-GMP

GGC heuristics: --param ggc-min-expand=100 --param ggc-min-heapsize=131072
ignoring duplicate directory "/opt/esp/tools/xtensa-esp32-elf/esp-12.2.0_20230208/xtensa-esp32-elf/bin/../lib/gcc/../../lib/gcc/xtensa-esp32-elf/12.2.0/include"
ignoring duplicate directory "/opt/esp/tools/xtensa-esp32-elf/esp-12.2.0_20230208/xtensa-esp32-elf/bin/../lib/gcc/../../lib/gcc/xtensa-esp32-elf/12.2.0/include-fixed"
ignoring duplicate directory "/opt/esp/tools/xtensa-esp32-elf/esp-12.2.0_20230208/xtensa-esp32-elf/bin/../lib/gcc/../../lib/gcc/xtensa-esp32-elf/12.2.0/../../../../xtensa-esp32-elf/sys-include"
ignoring duplicate directory "/opt/esp/tools/xtensa-esp32-elf/esp-12.2.0_20230208/xtensa-esp32-elf/bin/../lib/gcc/../../lib/gcc/xtensa-esp32-elf/12.2.0/../../../../xtensa-esp32-elf/include"
#include "..." search starts here:
#include <...> search starts here:
 /opt/esp/tools/xtensa-esp32-elf/esp-12.2.0_20230208/xtensa-esp32-elf/bin/../lib/gcc/xtensa-esp32-elf/12.2.0/include
 /opt/esp/tools/xtensa-esp32-elf/esp-12.2.0_20230208/xtensa-esp32-elf/bin/../lib/gcc/xtensa-esp32-elf/12.2.0/include-fixed
 /opt/esp/tools/xtensa-esp32-elf/esp-12.2.0_20230208/xtensa-esp32-elf/bin/../lib/gcc/xtensa-esp32-elf/12.2.0/../../../../xtensa-esp32-elf/sys-include
 /opt/esp/tools/xtensa-esp32-elf/esp-12.2.0_20230208/xtensa-esp32-elf/bin/../lib/gcc/xtensa-esp32-elf/12.2.0/../../../../xtensa-esp32-elf/include
End of search list.
GNU C17 (crosstool-NG esp-12.2.0_20230208) version 12.2.0 (xtensa-esp32-elf)
	compiled by GNU C version 4.9.2, GMP version 6.2.1, MPFR version 4.1.0, MPC version 1.2.1, isl version isl-0.24-GMP

GGC heuristics: --param ggc-min-expand=100 --param ggc-min-heapsize=131072
Compiler executable checksum: a19b05a690648f14c80488203643bd5a
COLLECT_GCC_OPTIONS='-mlongcalls' '-Wno-frame-address' '-v' '-o' 'CMakeFiles/cmTC_9de1f.dir/CMakeCCompilerABI.c.obj' '-c' '-dumpdir' 'CMakeFiles/cmTC_9de1f.dir/'
 /opt/esp/tools/xtensa-esp32-elf/esp-12.2.0_20230208/xtensa-esp32-elf/bin/../lib/gcc/xtensa-esp32-elf/12.2.0/../../../../xtensa-esp32-elf/bin/as --traditional-format --longcalls -o CMakeFiles/cmTC_9de1f.dir/CMakeCCompilerABI.c.obj /tmp/ccgBnLVO.s
COMPILER_PATH=/opt/esp/tools/xtensa-esp32-elf/esp-12.2.0_20230208/xtensa-esp32-elf/bin/../libexec/gcc/xtensa-esp32-elf/12.2.0/:/opt/esp/tools/xtensa-esp32-elf/esp-12.2.0_20230208/xtensa-esp32-elf/bin/../libexec/gcc/:/opt/esp/tools/xtensa-esp32-elf/esp-12.2.0_20230208/xtensa-esp32-elf/bin/../lib/gcc/xtensa-esp32-elf/12.2.0/../../../../xtensa-esp32-elf/bin/
LIBRARY_PATH=/opt/esp/tools/xtensa-esp32-elf/esp-12.2.0_20230208/xtensa-esp32-elf/bin/../lib/gcc/xtensa-esp32-elf/12.2.0/:/opt/esp/tools/xtensa-esp32-elf/esp-12.2.0_20230208/xtensa-esp32-elf/bin/../lib/gcc/:/opt/esp/tools/xtensa-esp32-elf/esp-12.2.0_20230208/xtensa-esp32-elf/bin/../lib/gcc/xtensa-esp32-elf/12.2.0/../../../../xtensa-esp32-elf/lib/
COLLECT_GCC_OPTIONS='-mlongcalls' '-Wno-frame-address' '-v' '-o' 'CMakeFiles/cmTC_9de1f.dir/CMakeCCompilerABI.c.obj' '-c' '-dumpdir' 'CMakeFiles/cmTC_9de1f.dir/CMakeCCompilerABI.c.'
[2/2] Linking C executable cmTC_9de1f
Using built-in specs.
COLLECT_GCC=/opt/esp/tools/xtensa-esp32-elf/esp-12.2.0_20230208/xtensa-esp32-elf/bin/xtensa-esp32-elf-gcc
COLLECT_LTO_WRAPPER=/opt/esp/tools/xtensa-esp32-elf/esp-12.2.0_20230208/xtensa-esp32-elf/bin/../libexec/gcc/xtensa-esp32-elf/12.2.0/lto-wrapper
Target: xtensa-esp32-elf
Configured with: /builds/idf/crosstool-NG/.build/xtensa-esp32-elf/src/gcc/configure --build=x86_64-build_pc-linux-gnu --host=x86_64-build_pc-linux-gnu --target=xtensa-esp32-elf --prefix=/builds/idf/crosstool-NG/builds/xtensa-esp32-elf --exec_prefix=/builds/idf/crosstool-NG/builds/xtensa-esp32-elf --with-local-prefix=/builds/idf/crosstool-NG/builds/xtensa-esp32-elf/xtensa-esp32-elf --with-headers=/builds/idf/crosstool-NG/builds/xtensa-esp32-elf/xtensa-esp32-elf/include --with-newlib --enable-threads=no --disable-shared --with-pkgversion='crosstool-NG esp-12.2.0_20230208' --disable-__cxa_atexit --enable-cxx-flags=-ffunction-sections --disable-libgomp --disable-libmudflap --disable-libmpx --disable-libssp --disable-libquadmath --disable-libquadmath-support --disable-libstdcxx-verbose --with-gmp=/builds/idf/crosstool-NG/.build/xtensa-esp32-elf/buildtools --with-mpfr=/builds/idf/crosstool-NG/.build/xtensa-esp32-elf/buildtools --with-mpc=/builds/idf/crosstool-NG/.build/xtensa-esp32-elf/buildtools --with-isl=/builds/idf/crosstool-NG/.build/xtensa-esp32-elf/buildtools --enable-lto --enable-target-optspace --without-long-double-128 --disable-nls --enable-multiarch --enable-languages=c,c++ --disable-libstdcxx-verbose --enable-threads=posix --enable-gcov-custom-rtio --enable-libstdcxx-time=yes
Thread model: posix
Supported LTO compression algorithms: zlib
gcc version 12.2.0 (crosstool-NG esp-12.2.0_20230208) 
COMPILER_PATH=/opt/esp/tools/xtensa-esp32-elf/esp-12.2.0_20230208/xtensa-esp32-elf/bin/../libexec/gcc/xtensa-esp32-elf/12.2.0/:/opt/esp/tools/xtensa-esp32-elf/esp-12.2.0_20230208/xtensa-esp32-elf/bin/../libexec/gcc/:/opt/esp/tools/xtensa-esp32-elf/esp-12.2.0_20230208/xtensa-esp32-elf/bin/../lib/gcc/xtensa-esp32-elf/12.2.0/../../../../xtensa-esp32-elf/bin/
LIBRARY_PATH=/opt/esp/tools/xtensa-esp32-elf/esp-12.2.0_20230208/xtensa-esp32-elf/bin/../lib/gcc/xtensa-esp32-elf/12.2.0/:/opt/esp/tools/xtensa-esp32-elf/esp-12.2.0_20230208/xtensa-esp32-elf/bin/../lib/gcc/:/opt/esp/tools/xtensa-esp32-elf/esp-12.2.0_20230208/xtensa-esp32-elf/bin/../lib/gcc/xtensa-esp32-elf/12.2.0/../../../../xtensa-esp32-elf/lib/
COLLECT_GCC_OPTIONS='-mlongcalls' '-Wno-frame-address' '-v' '-o' 'cmTC_9de1f' '-dumpdir' 'cmTC_9de1f.'
 /opt/esp/tools/xtensa-esp32-elf/esp-12.2.0_20230208/xtensa-esp32-elf/bin/../libexec/gcc/xtensa-esp32-elf/12.2.0/collect2 -plugin /opt/esp/tools/xtensa-esp32-elf/esp-12.2.0_20230208/xtensa-esp32-elf/bin/../libexec/gcc/xtensa-esp32-elf/12.2.0/liblto_plugin.so -plugin-opt=/opt/esp/tools/xtensa-esp32-elf/esp-12.2.0_20230208/xtensa-esp32-elf/bin/../libexec/gcc/xtensa-esp32-elf/12.2.0/lto-wrapper -plugin-opt=-fresolution=/tmp/ccoQhw17.res -plugin-opt=-pass-through=-lgcc -plugin-opt=-pass-through=-lc -plugin-opt=-pass-through=-lnosys -plugin-opt=-pass-through=-lc -plugin-opt=-pass-through=-lgcc -o cmTC_9de1f /opt/esp/tools/xtensa-esp32-elf/esp-12.2.0_20230208/xtensa-esp32-elf/bin/../lib/gcc/xtensa-esp32-elf/12.2.0/../../../../xtensa-esp32-elf/lib/crt0.o /opt/esp/tools/xtensa-esp32-elf/esp-12.2.0_20230208/xtensa-esp32-elf/bin/../lib/gcc/xtensa-esp32-elf/12.2.0/crti.o /opt/esp/tools/xtensa-esp32-elf/esp-12.2.0_20230208/xtensa-esp32-elf/bin/../lib/gcc/xtensa-esp32-elf/12.2.0/crtbegin.o -L/opt/esp/tools/xtensa-esp32-elf/esp-12.2.0_20230208/xtensa-esp32-elf/bin/../lib/gcc/xtensa-esp32-elf/12.2.0 -L/opt/esp/tools/xtensa-esp32-elf/esp-12.2.0_20230208/xtensa-esp32-elf/bin/../lib/gcc -L/opt/esp/tools/xtensa-esp32-elf/esp-12.2.0_20230208/xtensa-esp32-elf/bin/../lib/gcc/xtensa-esp32-elf/12.2.0/../../../../xtensa-esp32-elf/lib CMakeFiles/cmTC_9de1f.dir/CMakeCCompilerABI.c.obj -lgcc -lc -lnosys -lc -lgcc /opt/esp/tools/xtensa-esp32-elf/esp-12.2.0_20230208/xtensa-esp32-elf/bin/../lib/gcc/xtensa-esp32-elf/12.2.0/crtend.o /opt/esp/tools/xtensa-esp32-elf/esp-12.2.0_20230208/xtensa-esp32-elf/bin/../lib/gcc/xtensa-esp32-elf/12.2.0/crtn.o
COLLECT_GCC_OPTIONS='-mlongcalls' '-Wno-frame-address' '-v' '-o' 'cmTC_9de1f' '-dumpdir' 'cmTC_9de1f.'



Parsed C implicit include dir info from above output: rv=done
  found start of include info
  found start of implicit include info
    add: [/opt/esp/tools/xtensa-esp32-elf/esp-12.2.0_20230208/xtensa-esp32-elf/bin/../lib/gcc/xtensa-esp32-elf/12.2.0/include]
    add: [/opt/esp/tools/xtensa-esp32-elf/esp-12.2.0_20230208/xtensa-esp32-elf/bin/../lib/gcc/xtensa-esp32-elf/12.2.0/include-fixed]
    add: [/opt/esp/tools/xtensa-esp32-elf/esp-12.2.0_20230208/xtensa-esp32-elf/bin/../lib/gcc/xtensa-esp32-elf/12.2.0/../../../../xtensa-esp32-elf/sys-include]
    add: [/opt/esp/tools/xtensa-esp32-elf/esp-12.2.0_20230208/xtensa-esp32-elf/bin/../lib/gcc/xtensa-esp32-elf/12.2.0/../../../../xtensa-esp32-elf/include]
  end of search list found
  collapse include dir [/opt/esp/tools/xtensa-esp32-elf/esp-12.2.0_20230208/xtensa-esp32-elf/bin/../lib/gcc/xtensa-esp32-elf/12.2.0/include] ==> [/opt/esp/tools/xtensa-esp32-elf/esp-12.2.0_20230208/xtensa-esp32-elf/lib/gcc/xtensa-esp32-elf/12.2.0/include]
  collapse include dir [/opt/esp/tools/xtensa-esp32-elf/esp-12.2.0_20230208/xtensa-esp32-elf/bin/../lib/gcc/xtensa-esp32-elf/12.2.0/include-fixed] ==> [/opt/esp/tools/xtensa-esp32-elf/esp-12.2.0_20230208/xtensa-esp32-elf/lib/gcc/xtensa-esp32-elf/12.2.0/include-fixed]
  collapse include dir [/opt/esp/tools/xtensa-esp32-elf/esp-12.2.0_20230208/xtensa-esp32-elf/bin/../lib/gcc/xtensa-esp32-elf/12.2.0/../../../../xtensa-esp32-elf/sys-include] ==> [/opt/esp/tools/xtensa-esp32-elf/esp-12.2.0_20230208/xtensa-esp32-elf/xtensa-esp32-elf/sys-include]
  collapse include dir [/opt/esp/tools/xtensa-esp32-elf/esp-12.2.0_20230208/xtensa-esp32-elf/bin/../lib/gcc/xtensa-esp32-elf/12.2.0/../../../../xtensa-esp32-elf/include] ==> [/opt/esp/tools/xtensa-esp32-elf/esp-12.2.0_20230208/xtensa-esp32-elf/xtensa-esp32-elf/include]
  implicit include dirs: [/opt/esp/tools/xtensa-esp32-elf/esp-12.2.0_20230208/xtensa-esp32-elf/lib/gcc/xtensa-esp32-elf/12.2.0/include;/opt/esp/tools/xtensa-esp32-elf/esp-12.2.0_20230208/xtensa-esp32-elf/lib/gcc/xtensa-esp32-elf/12.2.0/include-fixed;/opt/esp/tools/xtensa-esp32-elf/esp-12.2.0_20230208/xtensa-esp32-elf/xtensa-esp32-elf/sys-include;/opt/esp/tools/xtensa-esp32-elf/esp-12.2.0_20230208/xtensa-esp32-elf/xtensa-esp32-elf/include]


Parsed C implicit link information from above output:
  link line regex: [^( *|.*[/\])(xtensa-esp32-elf-ld|CMAKE_LINK_STARTFILE-NOTFOUND|([^/\]+-)?ld|collect2)[^/\]*( |$)]
  ignore line: [Change Dir: /data/lab09n3/build/CMakeFiles/CMakeTmp]
  ignore line: []
  ignore line: [Run Build Command(s):/usr/bin/ninja cmTC_9de1f && [1/2] Building C object CMakeFiles/cmTC_9de1f.dir/CMakeCCompilerABI.c.obj]
  ignore line: [Using built-in specs.]
  ignore line: [COLLECT_GCC=/opt/esp/tools/xtensa-esp32-elf/esp-12.2.0_20230208/xtensa-esp32-elf/bin/xtensa-esp32-elf-gcc]
  ignore line: [Target: xtensa-esp32-elf]
  ignore line: [Configured with: /builds/idf/crosstool-NG/.build/xtensa-esp32-elf/src/gcc/configure --build=x86_64-build_pc-linux-gnu --host=x86_64-build_pc-linux-gnu --target=xtensa-esp32-elf --prefix=/builds/idf/crosstool-NG/builds/xtensa-esp32-elf --exec_prefix=/builds/idf/crosstool-NG/builds/xtensa-esp32-elf --with-local-prefix=/builds/idf/crosstool-NG/builds/xtensa-esp32-elf/xtensa-esp32-elf --with-headers=/builds/idf/crosstool-NG/builds/xtensa-esp32-elf/xtensa-esp32-elf/include --with-newlib --enable-threads=no --disable-shared --with-pkgversion='crosstool-NG esp-12.2.0_20230208' --disable-__cxa_atexit --enable-cxx-flags=-ffunction-sections --disable-libgomp --disable-libmudflap --disable-libmpx --disable-libssp --disable-libquadmath --disable-libquadmath-support --disable-libstdcxx-verbose --with-gmp=/builds/idf/crosstool-NG/.build/xtensa-esp32-elf/buildtools --with-mpfr=/builds/idf/crosstool-NG/.build/xtensa-esp32-elf/buildtools --with-mpc=/builds/idf/crosstool-NG/.build/xtensa-esp32-elf/buildtools --with-isl=/builds/idf/crosstool-NG/.build/xtensa-esp32-elf/buildtools --enable-lto --enable-target-optspace --without-long-double-128 --disable-nls --enable-multiarch --enable-languages=c c++ --disable-libstdcxx-verbose --enable-threads=posix --enable-gcov-custom-rtio --enable-libstdcxx-time=yes]
  ignore line: [Thread model: posix]
  ignore line: [Supported LTO compression algorithms: zlib]
  ignore line: [gcc version 12.2.0 (crosstool-NG esp-12.2.0_20230208) ]
  ignore line: [COLLECT_GCC_OPTIONS='-mlongcalls' '-Wno-frame-address' '-v' '-o' 'CMakeFiles/cmTC_9de1f.dir/CMakeCCompilerABI.c.obj' '-c' '-dumpdir' 'CMakeFiles/cmTC_9de1f.dir/']
  ignore line: [ /opt/esp/tools/xtensa-esp32-elf/esp-12.2.0_20230208/xtensa-esp32-elf/bin/../libexec/gcc/xtensa-esp32-elf/12.2.0/cc1 -quiet -v -iprefix /opt/esp/tools/xtensa-esp32-elf/esp-12.2.0_20230208/xtensa-esp32-elf/bin/../lib/gcc/xtensa-esp32-elf/12.2.0/ /opt/esp/tools/cmake/3.24.0/share/cmake-3.24/Modules/CMakeCCompilerABI.c -quiet -dumpdir CMakeFiles/cmTC_9de1f.dir/ -dumpbase CMakeCCompilerABI.c.c -dumpbase-ext .c -mlongcalls -Wno-frame-address -version -o /tmp/ccgBnLVO.s]
  ignore line: [GNU C17 (crosstool-NG esp-12.2.0_20230208) version 12.2.0 (xtensa-esp32-elf)]
  ignore line: [	compiled by GNU C version 4.9.2  GMP version 6.2.1  MPFR version 4.1.0  MPC version 1.2.1  isl version isl-0.24-GMP]
  ignore line: []
  ignore line: [GGC heuristics: --param ggc-min-expand=100 --param ggc-min-heapsize=131072]
  ignore line: [ignoring duplicate directory "/opt/esp/tools/xtensa-esp32-elf/esp-12.2.0_20230208/xtensa-esp32-elf/bin/../lib/gcc/../../lib/gcc/xtensa-esp32-elf/12.2.0/include"]
  ignore line: [ignoring duplicate directory "/opt/esp/tools/xtensa-esp32-elf/esp-12.2.0_20230208/xtensa-esp32-elf/bin/../lib/gcc/../../lib/gcc/xtensa-esp32-elf/12.2.0/include-fixed"]
  ignore line: [ignoring duplicate directory "/opt/esp/tools/xtensa-esp32-elf/esp-12.2.0_20230208/xtensa-esp32-elf/bin/../lib/gcc/../../lib/gcc/xtensa-esp32-elf/12.2.0/../../../../xtensa-esp32-elf/sys-include"]
  ignore line: [ignoring duplicate directory "/opt/esp/tools/xtensa-esp32-elf/esp-12.2.0_20230208/xtensa-esp32-elf/bin/../lib/gcc/../../lib/gcc/xtensa-esp32-elf/12.2.0/../../../../xtensa-esp32-elf/include"]
  ignore line: [#include "..." search starts here:]
  ignore line: [#include <...> search starts here:]
  ignore line: [ /opt/esp/tools/xtensa-esp32-elf/esp-12.2.0_20230208/xtensa-esp32-elf/bin/../lib/gcc/xtensa-esp32-elf/12.2.0/include]
  ignore line: [ /opt/esp/tools/xtensa-esp32-elf/esp-12.2.0_20230208/xtensa-esp32-elf/bin/../lib/gcc/xtensa-esp32-elf/12.2.0/include-fixed]
  ignore line: [ /opt/esp/tools/xtensa-esp32-elf/esp-12.2.0_20230208/xtensa-esp32-elf/bin/../lib/gcc/xtensa-esp32-elf/12.2.0/../../../../xtensa-esp32-elf/sys-include]
  ignore line: [ /opt/esp/tools/xtensa-esp32-elf/esp-12.2.0_20230208/xtensa-esp32-elf/bin/../lib/gcc/xtensa-esp32-elf/12.2.0/../../../../xtensa-esp32-elf/include]
  ignore line: [End of search list.]
  ignore line: [GNU C17 (crosstool-NG esp-12.2.0_20230208) version 12.2.0 (xtensa-esp32-elf)]
  ignore line: [	compiled by GNU C version 4.9.2  GMP version 6.2.1  MPFR version 4.1.0  MPC version 1.2.1  isl version isl-0.24-GMP]
  ignore line: []
  ignore line: [GGC heuristics: --param ggc-min-expand=100 --param ggc-min-heapsize=131072]
  ignore line: [Compiler executable checksum: a19b05a690648f14c80488203643bd5a]
  ignore line: [COLLECT_GCC_OPTIONS='-mlongcalls' '-Wno-frame-address' '-v' '-o' 'CMakeFiles/cmTC_9de1f.dir/CMakeCCompilerABI.c.obj' '-c' '-dumpdir' 'CMakeFiles/cmTC_9de1f.dir/']
  ignore line: [ /opt/esp/tools/xtensa-esp32-elf/esp-12.2.0_20230208/xtensa-esp32-elf/bin/../lib/gcc/xtensa-esp32-elf/12.2.0/../../../../xtensa-esp32-elf/bin/as --traditional-format --longcalls -o CMakeFiles/cmTC_9de1f.dir/CMakeCCompilerABI.c.obj /tmp/ccgBnLVO.s]
  ignore line: [COMPILER_PATH=/opt/esp/tools/xtensa-esp32-elf/esp-12.2.0_20230208/xtensa-esp32-elf/bin/../libexec/gcc/xtensa-esp32-elf/12.2.0/:/opt/esp/tools/xtensa-esp32-elf/esp-12.2.0_20230208/xtensa-esp32-elf/bin/../libexec/gcc/:/opt/esp/tools/xtensa-esp32-elf/esp-12.2.0_20230208/xtensa-esp32-elf/bin/../lib/gcc/xtensa-esp32-elf/12.2.0/../../../../xtensa-esp32-elf/bin/]
  ignore line: [LIBRARY_PATH=/opt/esp/tools/xtensa-esp32-elf/esp-12.2.0_20230208/xtensa-esp32-elf/bin/../lib/gcc/xtensa-esp32-elf/12.2.0/:/opt/esp/tools/xtensa-esp32-elf/esp-12.2.0_20230208/xtensa-esp32-elf/bin/../lib/gcc/:/opt/esp/tools/xtensa-esp32-elf/esp-12.2.0_20230208/xtensa-esp32-elf/bin/../lib/gcc/xtensa-esp32-elf/12.2.0/../../../../xtensa-esp32-elf/lib/]
  ignore line: [COLLECT_GCC_OPTIONS='-mlongcalls' '-Wno-frame-address' '-v' '-o' 'CMakeFiles/cmTC_9de1f.dir/CMakeCCompilerABI.c.obj' '-c' '-dumpdir' 'CMakeFiles/cmTC_9de1f.dir/CMakeCCompilerABI.c.']
  ignore line: [[2/2] Linking C executable cmTC_9de1f]
  ignore line: [Using built-in specs.]
  ignore line: [COLLECT_GCC=/opt/esp/tools/xtensa-esp32-elf/esp-12.2.0_20230208/xtensa-esp32-elf/bin/xtensa-esp32-elf-gcc]
  ignore line: [COLLECT_LTO_WRAPPER=/opt/esp/tools/xtensa-esp32-elf/esp-12.2.0_20230208/xtensa-esp32-elf/bin/../libexec/gcc/xtensa-esp32-elf/12.2.0/lto-wrapper]
  ignore line: [Target: xtensa-esp32-elf]
  ignore line: [Configured with: /builds/idf/crosstool-NG/.build/xtensa-esp32-elf/src/gcc/configure --build=x86_64-build_pc-linux-gnu --host=x86_64-build_pc-linux-gnu --target=xtensa-esp32-elf --prefix=/builds/idf/crosstool-NG/builds/xtensa-esp32-elf --exec_prefix=/builds/idf/crosstool-NG/builds/xtensa-esp32-elf --with-local-prefix=/builds/idf/crosstool-NG/builds/xtensa-esp32-elf/xtensa-esp32-elf --with-headers=/builds/idf/crosstool-NG/builds/xtensa-esp32-elf/xtensa-esp32-elf/include --with-newlib --enable-threads=no --disable-shared --with-pkgversion='crosstool-NG esp-12.2.0_20230208' --disable-__cxa_atexit --enable-cxx-flags=-ffunction-sections --disable-libgomp --disable-libmudflap --disable-libmpx --disable-libssp --disable-libquadmath --disable-libquadmath-support --disable-libstdcxx-verbose --with-gmp=/builds/idf/crosstool-NG/.build/xtensa-esp32-elf/buildtools --with-mpfr=/builds/idf/crosstool-NG/.build/xtensa-esp32-elf/buildtools --with-mpc=/builds/idf/crosstool-NG/.build/xtensa-esp32-elf/buildtools --with-isl=/builds/idf/crosstool-NG/.build/xtensa-esp32-elf/buildtools --enable-lto --enable-target-optspace --without-long-double-128 --disable-nls --enable-multiarch --enable-languages=c c++ --disable-libstdcxx-verbose --enable-threads=posix --enable-gcov-custom-rtio --enable-libstdcxx-time=yes]
  ignore line: [Thread model: posix]
  ignore line: [Supported LTO compression algorithms: zlib]
  ignore line: [gcc version 12.2.0 (crosstool-NG esp-12.2.0_20230208) ]
  ignore line: [COMPILER_PATH=/opt/esp/tools/xtensa-esp32-elf/esp-12.2.0_20230208/xtensa-esp32-elf/bin/../libexec/gcc/xtensa-esp32-elf/12.2.0/:/opt/esp/tools/xtensa-esp32-elf/esp-12.2.0_20230208/xtensa-esp32-elf/bin/../libexec/gcc/:/opt/esp/tools/xtensa-esp32-elf/esp-12.2.0_20230208/xtensa-esp32-elf/bin/../lib/gcc/xtensa-esp32-elf/12.2.0/../../../../xtensa-esp32-elf/bin/]
  ignore line: [LIBRARY_PATH=/opt/esp/tools/xtensa-esp32-elf/esp-12.2.0_20230208/xtensa-esp32-elf/bin/../lib/gcc/xtensa-esp32-elf/12.2.0/:/opt/esp/tools/xtensa-esp32-elf/esp-12.2.0_20230208/xtensa-esp32-elf/bin/../lib/gcc/:/opt/esp/tools/xtensa-esp32-elf/esp-12.2.0_20230208/xtensa-esp32-elf/bin/../lib/gcc/xtensa-esp32-elf/12.2.0/../../../../xtensa-esp32-elf/lib/]
  ignore line: [COLLECT_GCC_OPTIONS='-mlongcalls' '-Wno-frame-address' '-v' '-o' 'cmTC_9de1f' '-dumpdir' 'cmTC_9de1f.']
  link line: [ /opt/esp/tools/xtensa-esp32-elf/esp-12.2.0_20230208/xtensa-esp32-elf/bin/../libexec/gcc/xtensa-esp32-elf/12.2.0/collect2 -plugin /opt/esp/tools/xtensa-esp32-elf/esp-12.2.0_20230208/xtensa-esp32-elf/bin/../libexec/gcc/xtensa-esp32-elf/12.2.0/liblto_plugin.so -plugin-opt=/opt/esp/tools/xtensa-esp32-elf/esp-12.2.0_20230208/xtensa-esp32-elf/bin/../libexec/gcc/xtensa-esp32-elf/12.2.0/lto-wrapper -plugin-opt=-fresolution=/tmp/ccoQhw17.res -plugin-opt=-pass-through=-lgcc -plugin-opt=-pass-through=-lc -plugin-opt=-pass-through=-lnosys -plugin-opt=-pass-through=-lc -plugin-opt=-pass-through=-lgcc -o cmTC_9de1f /opt/esp/tools/xtensa-esp32-elf/esp-12.2.0_20230208/xtensa-esp32-elf/bin/../lib/gcc/xtensa-esp32-elf/12.2.0/../../../../xtensa-esp32-elf/lib/crt0.o /opt/esp/tools/xtensa-esp32-elf/esp-12.2.0_20230208/xtensa-esp32-elf/bin/../lib/gcc/xtensa-esp32-elf/12.2.0/crti.o /opt/esp/tools/xtensa-esp32-elf/esp-12.2.0_20230208/xtensa-esp32-elf/bin/../lib/gcc/xtensa-esp32-elf/12.2.0/crtbegin.o -L/opt/esp/tools/xtensa-esp32-elf/esp-12.2.0_20230208/xtensa-esp32-elf/bin/../lib/gcc/xtensa-esp32-elf/12.2.0 -L/opt/esp/tools/xtensa-esp32-elf/esp-12.2.0_20230208/xtensa-esp32-elf/bin/../lib/gcc -L/opt/esp/tools/xtensa-esp32-elf/esp-12.2.0_20230208/xtensa-esp32-elf/bin/../lib/gcc/xtensa-esp32-elf/12.2.0/../../../../xtensa-esp32-elf/lib CMakeFiles/cmTC_9de1f.dir/CMakeCCompilerABI.c.obj -lgcc -lc -lnosys -lc -lgcc /opt/esp/tools/xtensa-esp32-elf/esp-12.2.0_20230208/xtensa-esp32-elf/bin/../lib/gcc/xtensa-esp32-elf/12.2.0/crtend.o /opt/esp/tools/xtensa-esp32-elf/esp-12.2.0_20230208/xtensa-esp32-elf/bin/../lib/gcc/xtensa-esp32-elf/12.2.0/crtn.o]
    arg [/opt/esp/tools/xtensa-esp32-elf/esp-12.2.0_20230208/xtensa-esp32-elf/bin/../libexec/gcc/xtensa-esp32-elf/12.2.0/collect2] ==> ignore
    arg [-plugin] ==> ignore
    arg [/opt/esp/tools/xtensa-esp32-elf/esp-12.2.0_20230208/xtensa-esp32-elf/bin/../libexec/gcc/xtensa-esp32-elf/12.2.0/liblto_plugin.so] ==> ignore
    arg [-plugin-opt=/opt/esp/tools/xtensa-esp32-elf/esp-12.2.0_20230208/xtensa-esp32-elf/bin/../libexec/gcc/xtensa-esp32-elf/12.2.0/lto-wrapper] ==> ignore
    arg [-plugin-opt=-fresolution=/tmp/ccoQhw17.res] ==> ignore
    arg [-plugin-opt=-pass-through=-lgcc] ==> ignore
    arg [-plugin-opt=-pass-through=-lc] ==> ignore
    arg [-plugin-opt=-pass-through=-lnosys] ==> ignore
    arg [-plugin-opt=-pass-through=-lc] ==> ignore
    arg [-plugin-opt=-pass-through=-lgcc] ==> ignore
    arg [-o] ==> ignore
    arg [cmTC_9de1f] ==> ignore
    arg [/opt/esp/tools/xtensa-esp32-elf/esp-12.2.0_20230208/xtensa-esp32-elf/bin/../lib/gcc/xtensa-esp32-elf/12.2.0/../../../../xtensa-esp32-elf/lib/crt0.o] ==> obj [/opt/esp/tools/xtensa-esp32-elf/esp-12.2.0_20230208/xtensa-esp32-elf/bin/../lib/gcc/xtensa-esp32-elf/12.2.0/../../../../xtensa-esp32-elf/lib/crt0.o]
    arg [/opt/esp/tools/xtensa-esp32-elf/esp-12.2.0_20230208/xtensa-esp32-elf/bin/../lib/gcc/xtensa-esp32-elf/12.2.0/crti.o] ==> obj [/opt/esp/tools/xtensa-esp32-elf/esp-12.2.0_20230208/xtensa-esp32-elf/bin/../lib/gcc/xtensa-esp32-elf/12.2.0/crti.o]
    arg [/opt/esp/tools/xtensa-esp32-elf/esp-12.2.0_20230208/xtensa-esp32-elf/bin/../lib/gcc/xtensa-esp32-elf/12.2.0/crtbegin.o] ==> obj [/opt/esp/tools/xtensa-esp32-elf/esp-12.2.0_20230208/xtensa-esp32-elf/bin/../lib/gcc/xtensa-esp32-elf/12.2.0/crtbegin.o]
    arg [-L/opt/esp/tools/xtensa-esp32-elf/esp-12.2.0_20230208/xtensa-esp32-elf/bin/../lib/gcc/xtensa-esp32-elf/12.2.0] ==> dir [/opt/esp/tools/xtensa-esp32-elf/esp-12.2.0_20230208/xtensa-esp32-elf/bin/../lib/gcc/xtensa-esp32-elf/12.2.0]
    arg [-L/opt/esp/tools/xtensa-esp32-elf/esp-12.2.0_20230208/xtensa-esp32-elf/bin/../lib/gcc] ==> dir [/opt/esp/tools/xtensa-esp32-elf/esp-12.2.0_20230208/xtensa-esp32-elf/bin/../lib/gcc]
    arg [-L/opt/esp/tools/xtensa-esp32-elf/esp-12.2.0_20230208/xtensa-esp32-elf/bin/../lib/gcc/xtensa-esp32-elf/12.2.0/../../../../xtensa-esp32-elf/lib] ==> dir [/opt/esp/tools/xtensa-esp32-elf/esp-12.2.0_20230208/xtensa-esp32-elf/bin/../lib/gcc/xtensa-esp32-elf/12.2.0/../../../../xtensa-esp32-elf/lib]
    arg [CMakeFiles/cmTC_9de1f.dir/CMakeCCompilerABI.c.obj] ==> ignore
    arg [-lgcc] ==> lib [gcc]
    arg [-lc] ==> lib [c]
    arg [-lnosys] ==> lib [nosys]
    arg [-lc] ==> lib [c]
    arg [-lgcc] ==> lib [gcc]
    arg [/opt/esp/tools/xtensa-esp32-elf/esp-12.2.0_20230208/xtensa-esp32-elf/bin/../lib/gcc/xtensa-esp32-elf/12.2.0/crtend.o] ==> obj [/opt/esp/tools/xtensa-esp32-elf/esp-12.2.0_20230208/xtensa-esp32-elf/bin/../lib/gcc/xtensa-esp32-elf/12.2.0/crtend.o]
    arg [/opt/esp/tools/xtensa-esp32-elf/esp-12.2.0_20230208/xtensa-esp32-elf/bin/../lib/gcc/xtensa-esp32-elf/12.2.0/crtn.o] ==> obj [/opt/esp/tools/xtensa-esp32-elf/esp-12.2.0_20230208/xtensa-esp32-elf/bin/../lib/gcc/xtensa-esp32-elf/12.2.0/crtn.o]
  collapse obj [/opt/esp/tools/xtensa-esp32-elf/esp-12.2.0_20230208/xtensa-esp32-elf/bin/../lib/gcc/xtensa-esp32-elf/12.2.0/../../../../xtensa-esp32-elf/lib/crt0.o] ==> [/opt/esp/tools/xtensa-esp32-elf/esp-12.2.0_20230208/xtensa-esp32-elf/xtensa-esp32-elf/lib/crt0.o]
  collapse obj [/opt/esp/tools/xtensa-esp32-elf/esp-12.2.0_20230208/xtensa-esp32-elf/bin/../lib/gcc/xtensa-esp32-elf/12.2.0/crti.o] ==> [/opt/esp/tools/xtensa-esp32-elf/esp-12.2.0_20230208/xtensa-esp32-elf/lib/gcc/xtensa-esp32-elf/12.2.0/crti.o]
  collapse obj [/opt/esp/tools/xtensa-esp32-elf/esp-12.2.0_20230208/xtensa-esp32-elf/bin/../lib/gcc/xtensa-esp32-elf/12.2.0/crtbegin.o] ==> [/opt/esp/tools/xtensa-esp32-elf/esp-12.2.0_20230208/xtensa-esp32-elf/lib/gcc/xtensa-esp32-elf/12.2.0/crtbegin.o]
  collapse obj [/opt/esp/tools/xtensa-esp32-elf/esp-12.2.0_20230208/xtensa-esp32-elf/bin/../lib/gcc/xtensa-esp32-elf/12.2.0/crtend.o] ==> [/opt/esp/tools/xtensa-esp32-elf/esp-12.2.0_20230208/xtensa-esp32-elf/lib/gcc/xtensa-esp32-elf/12.2.0/crtend.o]
  collapse obj [/opt/esp/tools/xtensa-esp32-elf/esp-12.2.0_20230208/xtensa-esp32-elf/bin/../lib/gcc/xtensa-esp32-elf/12.2.0/crtn.o] ==> [/opt/esp/tools/xtensa-esp32-elf/esp-12.2.0_20230208/xtensa-esp32-elf/lib/gcc/xtensa-esp32-elf/12.2.0/crtn.o]
  collapse library dir [/opt/esp/tools/xtensa-esp32-elf/esp-12.2.0_20230208/xtensa-esp32-elf/bin/../lib/gcc/xtensa-esp32-elf/12.2.0] ==> [/opt/esp/tools/xtensa-esp32-elf/esp-12.2.0_20230208/xtensa-esp32-elf/lib/gcc/xtensa-esp32-elf/12.2.0]
  collapse library dir [/opt/esp/tools/xtensa-esp32-elf/esp-12.2.0_20230208/xtensa-esp32-elf/bin/../lib/gcc] ==> [/opt/esp/tools/xtensa-esp32-elf/esp-12.2.0_20230208/xtensa-esp32-elf/lib/gcc]
  collapse library dir [/opt/esp/tools/xtensa-esp32-elf/esp-12.2.0_20230208/xtensa-esp32-elf/bin/../lib/gcc/xtensa-esp32-elf/12.2.0/../../../../xtensa-esp32-elf/lib] ==> [/opt/esp/tools/xtensa-esp32-elf/esp-12.2.0_20230208/xtensa-esp32-elf/xtensa-esp32-elf/lib]
  implicit libs: [gcc;c;nosys;c;gcc]
  implicit objs: [/opt/esp/tools/xtensa-esp32-elf/esp-12.2.0_20230208/xtensa-esp32-elf/xtensa-esp32-elf/lib/crt0.o;/opt/esp/tools/xtensa-esp32-elf/esp-12.2.0_20230208/xtensa-esp32-elf/lib/gcc/xtensa-esp32-elf/12.2.0/crti.o;/opt/esp/tools/xtensa-esp32-elf/esp-12.2.0_20230208/xtensa-esp32-elf/lib/gcc/xtensa-esp32-elf/12.2.0/crtbegin.o;/opt/esp/tools/xtensa-esp32-elf/esp-12.2.0_20230208/xtensa-esp32-elf/lib/gcc/xtensa-esp32-elf/12.2.0/crtend.o;/opt/esp/tools/xtensa-esp32-elf/esp-12.2.0_20230208/xtensa-esp32-elf/lib/gcc/xtensa-esp32-elf/12.2.0/crtn.o]
  implicit dirs: [/opt/esp/tools/xtensa-esp32-elf/esp-12.2.0_20230208/xtensa-esp32-elf/lib/gcc/xtensa-esp32-elf/12.2.0;/opt/esp/tools/xtensa-esp32-elf/esp-12.2.0_20230208/xtensa-esp32-elf/lib/gcc;/opt/esp/tools/xtensa-esp32-elf/esp-12.2.0_20230208/xtensa-esp32-elf/xtensa-esp32-elf/lib]
  implicit fwks: []


Detecting CXX compiler ABI info compiled with the following output:
Change Dir: /data/lab09n3/build/CMakeFiles/CMakeTmp

Run Build Command(s):/usr/bin/ninja cmTC_042fa && [1/2] Building CXX object CMakeFiles/cmTC_042fa.dir/CMakeCXXCompilerABI.cpp.obj
Using built-in specs.
COLLECT_GCC=/opt/esp/tools/xtensa-esp32-elf/esp-12.2.0_20230208/xtensa-esp32-elf/bin/xtensa-esp32-elf-g++
Target: xtensa-esp32-elf
Configured with: /builds/idf/crosstool-NG/.build/xtensa-esp32-elf/src/gcc/configure --build=x86_64-build_pc-linux-gnu --host=x86_64-build_pc-linux-gnu --target=xtensa-esp32-elf --prefix=/builds/idf/crosstool-NG/builds/xtensa-esp32-elf --exec_prefix=/builds/idf/crosstool-NG/builds/xtensa-esp32-elf --with-local-prefix=/builds/idf/crosstool-NG/builds/xtensa-esp32-elf/xtensa-esp32-elf --with-headers=/builds/idf/crosstool-NG/builds/xtensa-esp32-elf/xtensa-esp32-elf/include --with-newlib --enable-threads=no --disable-shared --with-pkgversion='crosstool-NG esp-12.2.0_20230208' --disable-__cxa_atexit --enable-cxx-flags=-ffunction-sections --disable-libgomp --disable-libmudflap --disable-libmpx --disable-libssp --disable-libquadmath --disable-libquadmath-support --disable-libstdcxx-verbose --with-gmp=/builds/idf/crosstool-NG/.build/xtensa-esp32-elf/buildtools --with-mpfr=/builds/idf/crosstool-NG/.build/xtensa-esp32-elf/buildtools --with-mpc=/builds/idf/crosstool-NG/.build/xtensa-esp32-elf/buildtools --with-isl=/builds/idf/crosstool-NG/.build/xtensa-esp32-elf/buildtools --enable-lto --enable-target-optspace --without-long-double-128 --disable-nls --enable-multiarch --enable-languages=c,c++ --disable-libstdcxx-verbose --enable-threads=posix --enable-gcov-custom-rtio --enable-libstdcxx-time=yes
Thread model: posix
Supported LTO compression algorithms: zlib
gcc version 12.2.0 (crosstool-NG esp-12.2.0_20230208) 
COLLECT_GCC_OPTIONS='-mlongcalls' '-Wno-frame-address' '-v' '-o' 'CMakeFiles/cmTC_042fa.dir/CMakeCXXCompilerABI.cpp.obj' '-c' '-dumpdir' 'CMakeFiles/cmTC_042fa.dir/'
 /opt/esp/tools/xtensa-esp32-elf/esp-12.2.0_20230208/xtensa-esp32-elf/bin/../libexec/gcc/xtensa-esp32-elf/12.2.0/cc1plus -quiet -v -iprefix /opt/esp/tools/xtensa-esp32-elf/esp-12.2.0_20230208/xtensa-esp32-elf/bin/../lib/gcc/xtensa-esp32-elf/12.2.0/ /opt/esp/tools/cmake/3.24.0/share/cmake-3.24/Modules/CMakeCXXCompilerABI.cpp -quiet -dumpdir CMakeFiles/cmTC_042fa.dir/ -dumpbase CMakeCXXCompilerABI.cpp.cpp -dumpbase-ext .cpp -mlongcalls -Wno-frame-address -version -o /tmp/cc6HtPDI.s
GNU C++17 (crosstool-NG esp-12.2.0_20230208) version 12.2.0 (xtensa-esp32-elf)
	compiled by GNU C version 4.9.2, GMP version 6.2.1, MPFR version 4.1.0, MPC version 1.2.1, isl version isl-0.24-GMP

GGC heuristics: --param ggc-min-expand=100 --param ggc-min-heapsize=131072
ignoring duplicate directory "/opt/esp/tools/xtensa-esp32-elf/esp-12.2.0_20230208/xtensa-esp32-elf/bin/../lib/gcc/../../lib/gcc/xtensa-esp32-elf/12.2.0/../../../../xtensa-esp32-elf/include/c++/12.2.0"
ignoring duplicate directory "/opt/esp/tools/xtensa-esp32-elf/esp-12.2.0_20230208/xtensa-esp32-elf/bin/../lib/gcc/../../lib/gcc/xtensa-esp32-elf/12.2.0/../../../../xtensa-esp32-elf/include/c++/12.2.0/xtensa-esp32-elf"
ignoring duplicate directory "/opt/esp/tools/xtensa-esp32-elf/esp-12.2.0_20230208/xtensa-esp32-elf/bin/../lib/gcc/../../lib/gcc/xtensa-esp32-elf/12.2.0/../../../../xtensa-esp32-elf/include/c++/12.2.0/backward"
ignoring duplicate directory "/opt/esp/tools/xtensa-esp32-elf/esp-12.2.0_20230208/xtensa-esp32-elf/bin/../lib/gcc/../../lib/gcc/xtensa-esp32-elf/12.2.0/include"
ignoring duplicate directory "/opt/esp/tools/xtensa-esp32-elf/esp-12.2.0_20230208/xtensa-esp32-elf/bin/../lib/gcc/../../lib/gcc/xtensa-esp32-elf/12.2.0/include-fixed"
ignoring duplicate directory "/opt/esp/tools/xtensa-esp32-elf/esp-12.2.0_20230208/xtensa-esp32-elf/bin/../lib/gcc/../../lib/gcc/xtensa-esp32-elf/12.2.0/../../../../xtensa-esp32-elf/sys-include"
ignoring duplicate directory "/opt/esp/tools/xtensa-esp32-elf/esp-12.2.0_20230208/xtensa-esp32-elf/bin/../lib/gcc/../../lib/gcc/xtensa-esp32-elf/12.2.0/../../../../xtensa-esp32-elf/include"
#include "..." search starts here:
#include <...> search starts here:
 /opt/esp/tools/xtensa-esp32-elf/esp-12.2.0_20230208/xtensa-esp32-elf/bin/../lib/gcc/xtensa-esp32-elf/12.2.0/../../../../xtensa-esp32-elf/include/c++/12.2.0
 /opt/esp/tools/xtensa-esp32-elf/esp-12.2.0_20230208/xtensa-esp32-elf/bin/../lib/gcc/xtensa-esp32-elf/12.2.0/../../../../xtensa-esp32-elf/include/c++/12.2.0/xtensa-esp32-elf
 /opt/esp/tools/xtensa-esp32-elf/esp-12.2.0_20230208/xtensa-esp32-elf/bin/../lib/gcc/xtensa-esp32-elf/12.2.0/../../../../xtensa-esp32-elf/include/c++/12.2.0/backward
 /opt/esp/tools/xtensa-esp32-elf/esp-12.2.0_20230208/xtensa-esp32-elf/bin/../lib/gcc/xtensa-esp32-elf/12.2.0/include
 /opt/esp/tools/xtensa-esp32-elf/esp-12.2.0_20230208/xtensa-esp32-elf/bin/../lib/gcc/xtensa-esp32-elf/12.2.0/include-fixed
 /opt/esp/tools/xtensa-esp32-elf/esp-12.2.0_20230208/xtensa-esp32-elf/bin/../lib/gcc/xtensa-esp32-elf/12.2.0/../../../../xtensa-esp32-elf/sys-include
 /opt/esp/tools/xtensa-esp32-elf/esp-12.2.0_20230208/xtensa-esp32-elf/bin/../lib/gcc/xtensa-esp32-elf/12.2.0/../../../../xtensa-esp32-elf/include
End of search list.
GNU C++17 (crosstool-NG esp-12.2.0_20230208) version 12.2.0 (xtensa-esp32-elf)
	compiled by GNU C version 4.9.2, GMP version 6.2.1, MPFR version 4.1.0, MPC version 1.2.1, isl version isl-0.24-GMP

GGC heuristics: --param ggc-min-expand=100 --param ggc-min-heapsize=131072
Compiler executable checksum: 14c3d3463b249927e358e8af6e36a201
COLLECT_GCC_OPTIONS='-mlongcalls' '-Wno-frame-address' '-v' '-o' 'CMakeFiles/cmTC_042fa.dir/CMakeCXXCompilerABI.cpp.obj' '-c' '-dumpdir' 'CMakeFiles/cmTC_042fa.dir/'
 /opt/esp/tools/xtensa-esp32-elf/esp-12.2.0_20230208/xtensa-esp32-elf/bin/../lib/gcc/xtensa-esp32-elf/12.2.0/../../../../xtensa-esp32-elf/bin/as --traditional-format --longcalls -o CMakeFiles/cmTC_042fa.dir/CMakeCXXCompilerABI.cpp.obj /tmp/cc6HtPDI.s
COMPILER_PATH=/opt/esp/tools/xtensa-esp32-elf/esp-12.2.0_20230208/xtensa-esp32-elf/bin/../libexec/gcc/xtensa-esp32-elf/12.2.0/:/opt/esp/tools/xtensa-esp32-elf/esp-12.2.0_20230208/xtensa-esp32-elf/bin/../libexec/gcc/:/opt/esp/tools/xtensa-esp32-elf/esp-12.2.0_20230208/xtensa-esp32-elf/bin/../lib/gcc/xtensa-esp32-elf/12.2.0/../../../../xtensa-esp32-elf/bin/
LIBRARY_PATH=/opt/esp/tools/xtensa-esp32-elf/esp-12.2.0_20230208/xtensa-esp32-elf/bin/../lib/gcc/xtensa-esp32-elf/12.2.0/:/opt/esp/tools/xtensa-esp32-elf/esp-12.2.0_20230208/xtensa-esp32-elf/bin/../lib/gcc/:/opt/esp/tools/xtensa-esp32-elf/esp-12.2.0_20230208/xtensa-esp32-elf/bin/../lib/gcc/xtensa-esp32-elf/12.2.0/../../../../xtensa-esp32-elf/lib/
COLLECT_GCC_OPTIONS='-mlongcalls' '-Wno-frame-address' '-v' '-o' 'CMakeFiles/cmTC_042fa.dir/CMakeCXXCompilerABI.cpp.obj' '-c' '-dumpdir' 'CMakeFiles/cmTC_042fa.dir/CMakeCXXCompilerABI.cpp.'
[2/2] Linking CXX executable cmTC_042fa
Using built-in specs.
COLLECT_GCC=/opt/esp/tools/xtensa-esp32-elf/esp-12.2.0_20230208/xtensa-esp32-elf/bin/xtensa-esp32-elf-g++
COLLECT_LTO_WRAPPER=/opt/esp/tools/xtensa-esp32-elf/esp-12.2.0_20230208/xtensa-esp32-elf/bin/../libexec/gcc/xtensa-esp32-elf/12.2.0/lto-wrapper
Target: xtensa-esp32-elf
Configured with: /builds/idf/crosstool-NG/.build/xtensa-esp32-elf/src/gcc/configure --build=x86_64-build_pc-linux-gnu --host=x86_64-build_pc-linux-gnu --target=xtensa-esp32-elf --prefix=/builds/idf/crosstool-NG/builds/xtensa-esp32-elf --exec_prefix=/builds/idf/crosstool-NG/builds/xtensa-esp32-elf --with-local-prefix=/builds/idf/crosstool-NG/builds/xtensa-esp32-elf/xtensa-esp32-elf --with-headers=/builds/idf/crosstool-NG/builds/xtensa-esp32-elf/xtensa-esp32-elf/include --with-newlib --enable-threads=no --disable-shared --with-pkgversion='crosstool-NG esp-12.2.0_20230208' --disable-__cxa_atexit --enable-cxx-flags=-ffunction-sections --disable-libgomp --disable-libmudflap --disable-libmpx --disable-libssp --disable-libquadmath --disable-libquadmath-support --disable-libstdcxx-verbose --with-gmp=/builds/idf/crosstool-NG/.build/xtensa-esp32-elf/buildtools --with-mpfr=/builds/idf/crosstool-NG/.build/xtensa-esp32-elf/buildtools --with-mpc=/builds/idf/crosstool-NG/.build/xtensa-esp32-elf/buildtools --with-isl=/builds/idf/crosstool-NG/.build/xtensa-esp32-elf/buildtools --enable-lto --enable-target-optspace --without-long-double-128 --disable-nls --enable-multiarch --enable-languages=c,c++ --disable-libstdcxx-verbose --enable-threads=posix --enable-gcov-custom-rtio --enable-libstdcxx-time=yes
Thread model: posix
Supported LTO compression algorithms: zlib
gcc version 12.2.0 (crosstool-NG esp-12.2.0_20230208) 
COMPILER_PATH=/opt/esp/tools/xtensa-esp32-elf/esp-12.2.0_20230208/xtensa-esp32-elf/bin/../libexec/gcc/xtensa-esp32-elf/12.2.0/:/opt/esp/tools/xtensa-esp32-elf/esp-12.2.0_20230208/xtensa-esp32-elf/bin/../libexec/gcc/:/opt/esp/tools/xtensa-esp32-elf/esp-12.2.0_20230208/xtensa-esp32-elf/bin/../lib/gcc/xtensa-esp32-elf/12.2.0/../../../../xtensa-esp32-elf/bin/
LIBRARY_PATH=/opt/esp/tools/xtensa-esp32-elf/esp-12.2.0_20230208/xtensa-esp32-elf/bin/../lib/gcc/xtensa-esp32-elf/12.2.0/:/opt/esp/tools/xtensa-esp32-elf/esp-12.2.0_20230208/xtensa-esp32-elf/bin/../lib/gcc/:/opt/esp/tools/xtensa-esp32-elf/esp-12.2.0_20230208/xtensa-esp32-elf/bin/../lib/gcc/xtensa-esp32-elf/12.2.0/../../../../xtensa-esp32-elf/lib/
COLLECT_GCC_OPTIONS='-mlongcalls' '-Wno-frame-address' '-v' '-o' 'cmTC_042fa' '-dumpdir' 'cmTC_042fa.'
 /opt/esp/tools/xtensa-esp32-elf/esp-12.2.0_20230208/xtensa-esp32-elf/bin/../libexec/gcc/xtensa-esp32-elf/12.2.0/collect2 -plugin /opt/esp/tools/xtensa-esp32-elf/esp-12.2.0_20230208/xtensa-esp32-elf/bin/../libexec/gcc/xtensa-esp32-elf/12.2.0/liblto_plugin.so -plugin-opt=/opt/esp/tools/xtensa-esp32-elf/esp-12.2.0_20230208/xtensa-esp32-elf/bin/../libexec/gcc/xtensa-esp32-elf/12.2.0/lto-wrapper -plugin-opt=-fresolution=/tmp/ccRpTMH2.res -plugin-opt=-pass-through=-lgcc -plugin-opt=-pass-through=-lc -plugin-opt=-pass-through=-lnosys -plugin-opt=-pass-through=-lc -plugin-opt=-pass-through=-lgcc -o cmTC_042fa /opt/esp/tools/xtensa-esp32-elf/esp-12.2.0_20230208/xtensa-esp32-elf/bin/../lib/gcc/xtensa-esp32-elf/12.2.0/../../../../xtensa-esp32-elf/lib/crt0.o /opt/esp/tools/xtensa-esp32-elf/esp-12.2.0_20230208/xtensa-esp32-elf/bin/../lib/gcc/xtensa-esp32-elf/12.2.0/crti.o /opt/esp/tools/xtensa-esp32-elf/esp-12.2.0_20230208/xtensa-esp32-elf/bin/../lib/gcc/xtensa-esp32-elf/12.2.0/crtbegin.o -L/opt/esp/tools/xtensa-esp32-elf/esp-12.2.0_20230208/xtensa-esp32-elf/bin/../lib/gcc/xtensa-esp32-elf/12.2.0 -L/opt/esp/tools/xtensa-esp32-elf/esp-12.2.0_20230208/xtensa-esp32-elf/bin/../lib/gcc -L/opt/esp/tools/xtensa-esp32-elf/esp-12.2.0_20230208/xtensa-esp32-elf/bin/../lib/gcc/xtensa-esp32-elf/12.2.0/../../../../xtensa-esp32-elf/lib CMakeFiles/cmTC_042fa.dir/CMakeCXXCompilerABI.cpp.obj -lstdc++ -lm -lgcc -lc -lnosys -lc -lgcc /opt/esp/tools/xtensa-esp32-elf/esp-12.2.0_20230208/xtensa-esp32-elf/bin/../lib/gcc/xtensa-esp32-elf/12.2.0/crtend.o /opt/esp/tools/xtensa-esp32-elf/esp-12.2.0_20230208/xtensa-esp32-elf/bin/../lib/gcc/xtensa-esp32-elf/12.2.0/crtn.o
COLLECT_GCC_OPTIONS='-mlongcalls' '-Wno-frame-address' '-v' '-o' 'cmTC_042fa' '-dumpdir' 'cmTC_042fa.'



Parsed CXX implicit include dir info from above output: rv=done
  found start of include info
  found start of implicit include info
    add: [/opt/esp/tools/xtensa-esp32-elf/esp-12.2.0_20230208/xtensa-esp32-elf/bin/../lib/gcc/xtensa-esp32-elf/12.2.0/../../../../xtensa-esp32-elf/include/c++/12.2.0]
    add: [/opt/esp/tools/xtensa-esp32-elf/esp-12.2.0_20230208/xtensa-esp32-elf/bin/../lib/gcc/xtensa-esp32-elf/12.2.0/../../../../xtensa-esp32-elf/include/c++/12.2.0/xtensa-esp32-elf]
    add: [/opt/esp/tools/xtensa-esp32-elf/esp-12.2.0_20230208/xtensa-esp32-elf/bin/../lib/gcc/xtensa-esp32-elf/12.2.0/../../../../xtensa-esp32-elf/include/c++/12.2.0/backward]
    add: [/opt/esp/tools/xtensa-esp32-elf/esp-12.2.0_20230208/xtensa-esp32-elf/bin/../lib/gcc/xtensa-esp32-elf/12.2.0/include]
    add: [/opt/esp/tools/xtensa-esp32-elf/esp-12.2.0_20230208/xtensa-esp32-elf/bin/../lib/gcc/xtensa-esp32-elf/12.2.0/include-fixed]
    add: [/opt/esp/tools/xtensa-esp32-elf/esp-12.2.0_20230208/xtensa-esp32-elf/bin/../lib/gcc/xtensa-esp32-elf/12.2.0/../../../../xtensa-esp32-elf/sys-include]
    add: [/opt/esp/tools/xtensa-esp32-elf/esp-12.2.0_20230208/xtensa-esp32-elf/bin/../lib/gcc/xtensa-esp32-elf/12.2.0/../../../../xtensa-esp32-elf/include]
  end of search list found
  collapse include dir [/opt/esp/tools/xtensa-esp32-elf/esp-12.2.0_20230208/xtensa-esp32-elf/bin/../lib/gcc/xtensa-esp32-elf/12.2.0/../../../../xtensa-esp32-elf/include/c++/12.2.0] ==> [/opt/esp/tools/xtensa-esp32-elf/esp-12.2.0_20230208/xtensa-esp32-elf/xtensa-esp32-elf/include/c++/12.2.0]
  collapse include dir [/opt/esp/tools/xtensa-esp32-elf/esp-12.2.0_20230208/xtensa-esp32-elf/bin/../lib/gcc/xtensa-esp32-elf/12.2.0/../../../../xtensa-esp32-elf/include/c++/12.2.0/xtensa-esp32-elf] ==> [/opt/esp/tools/xtensa-esp32-elf/esp-12.2.0_20230208/xtensa-esp32-elf/xtensa-esp32-elf/include/c++/12.2.0/xtensa-esp32-elf]
  collapse include dir [/opt/esp/tools/xtensa-esp32-elf/esp-12.2.0_20230208/xtensa-esp32-elf/bin/../lib/gcc/xtensa-esp32-elf/12.2.0/../../../../xtensa-esp32-elf/include/c++/12.2.0/backward] ==> [/opt/esp/tools/xtensa-esp32-elf/esp-12.2.0_20230208/xtensa-esp32-elf/xtensa-esp32-elf/include/c++/12.2.0/backward]
  collapse include dir [/opt/esp/tools/xtensa-esp32-elf/esp-12.2.0_20230208/xtensa-esp32-elf/bin/../lib/gcc/xtensa-esp32-elf/12.2.0/include] ==> [/opt/esp/tools/xtensa-esp32-elf/esp-12.2.0_20230208/xtensa-esp32-elf/lib/gcc/xtensa-esp32-elf/12.2.0/include]
  collapse include dir [/opt/esp/tools/xtensa-esp32-elf/esp-12.2.0_20230208/xtensa-esp32-elf/bin/../lib/gcc/xtensa-esp32-elf/12.2.0/include-fixed] ==> [/opt/esp/tools/xtensa-esp32-elf/esp-12.2.0_20230208/xtensa-esp32-elf/lib/gcc/xtensa-esp32-elf/12.2.0/include-fixed]
  collapse include dir [/opt/esp/tools/xtensa-esp32-elf/esp-12.2.0_20230208/xtensa-esp32-elf/bin/../lib/gcc/xtensa-esp32-elf/12.2.0/../../../../xtensa-esp32-elf/sys-include] ==> [/opt/esp/tools/xtensa-esp32-elf/esp-12.2.0_20230208/xtensa-esp32-elf/xtensa-esp32-elf/sys-include]
  collapse include dir [/opt/esp/tools/xtensa-esp32-elf/esp-12.2.0_20230208/xtensa-esp32-elf/bin/../lib/gcc/xtensa-esp32-elf/12.2.0/../../../../xtensa-esp32-elf/include] ==> [/opt/esp/tools/xtensa-esp32-elf/esp-12.2.0_20230208/xtensa-esp32-elf/xtensa-esp32-elf/include]
  implicit include dirs: [/opt/esp/tools/xtensa-esp32-elf/esp-12.2.0_20230208/xtensa-esp32-elf/xtensa-esp32-elf/include/c++/12.2.0;/opt/esp/tools/xtensa-esp32-elf/esp-12.2.0_20230208/xtensa-esp32-elf/xtensa-esp32-elf/include/c++/12.2.0/xtensa-esp32-elf;/opt/esp/tools/xtensa-esp32-elf/esp-12.2.0_20230208/xtensa-esp32-elf/xtensa-esp32-elf/include/c++/12.2.0/backward;/opt/esp/tools/xtensa-esp32-elf/esp-12.2.0_20230208/xtensa-esp32-elf/lib/gcc/xtensa-esp32-elf/12.2.0/include;/opt/esp/tools/xtensa-esp32-elf/esp-12.2.0_20230208/xtensa-esp32-elf/lib/gcc/xtensa-esp32-elf/12.2.0/include-fixed;/opt/esp/tools/xtensa-esp32-elf/esp-12.2.0_20230208/xtensa-esp32-elf/xtensa-esp32-elf/sys-include;/opt/esp/tools/xtensa-esp32-elf/esp-12.2.0_20230208/xtensa-esp32-elf/xtensa-esp32-elf/include]


Parsed CXX implicit link information from above output:
  link line regex: [^( *|.*[/\])(xtensa-esp32-elf-ld|CMAKE_LINK_STARTFILE-NOTFOUND|([^/\]+-)?ld|collect2)[^/\]*( |$)]
  ignore line: [Change Dir: /data/lab09n3/build/CMakeFiles/CMakeTmp]
  ignore line: []
  ignore line: [Run Build Command(s):/usr/bin/ninja cmTC_042fa && [1/2] Building CXX object CMakeFiles/cmTC_042fa.dir/CMakeCXXCompilerABI.cpp.obj]
  ignore line: [Using built-in specs.]
  ignore line: [COLLECT_GCC=/opt/esp/tools/xtensa-esp32-elf/esp-12.2.0_20230208/xtensa-esp32-elf/bin/xtensa-esp32-elf-g++]
  ignore line: [Target: xtensa-esp32-elf]
  ignore line: [Configured with: /builds/idf/crosstool-NG/.build/xtensa-esp32-elf/src/gcc/configure --build=x86_64-build_pc-linux-gnu --host=x86_64-build_pc-linux-gnu --target=xtensa-esp32-elf --prefix=/builds/idf/crosstool-NG/builds/xtensa-esp32-elf --exec_prefix=/builds/idf/crosstool-NG/builds/xtensa-esp32-elf --with-local-prefix=/builds/idf/crosstool-NG/builds/xtensa-esp32-elf/xtensa-esp32-elf --with-headers=/builds/idf/crosstool-NG/builds/xtensa-esp32-elf/xtensa-esp32-elf/include --with-newlib --enable-threads=no --disable-shared --with-pkgversion='crosstool-NG esp-12.2.0_20230208' --disable-__cxa_atexit --enable-cxx-flags=-ffunction-sections --disable-libgomp --disable-libmudflap --disable-libmpx --disable-libssp --disable-libquadmath --disable-libquadmath-support --disable-libstdcxx-verbose --with-gmp=/builds/idf/crosstool-NG/.build/xtensa-esp32-elf/buildtools --with-mpfr=/builds/idf/crosstool-NG/.build/xtensa-esp32-elf/buildtools --with-mpc=/builds/idf/crosstool-NG/.build/xtensa-esp32-elf/buildtools --with-isl=/builds/idf/crosstool-NG/.build/xtensa-esp32-elf/buildtools --enable-lto --enable-target-optspace --without-long-double-128 --disable-nls --enable-multiarch --enable-languages=c c++ --disable-libstdcxx-verbose --enable-threads=posix --enable-gcov-custom-rtio --enable-libstdcxx-time=yes]
  ignore line: [Thread model: posix]
  ignore line: [Supported LTO compression algorithms: zlib]
  ignore line: [gcc version 12.2.0 (crosstool-NG esp-12.2.0_20230208) ]
  ignore line: [COLLECT_GCC_OPTIONS='-mlongcalls' '-Wno-frame-address' '-v' '-o' 'CMakeFiles/cmTC_042fa.dir/CMakeCXXCompilerABI.cpp.obj' '-c' '-dumpdir' 'CMakeFiles/cmTC_042fa.dir/']
  ignore line: [ /opt/esp/tools/xtensa-esp32-elf/esp-12.2.0_20230208/xtensa-esp32-elf/bin/../libexec/gcc/xtensa-esp32-elf/12.2.0/cc1plus -quiet -v -iprefix /opt/esp/tools/xtensa-esp32-elf/esp-12.2.0_20230208/xtensa-esp32-elf/bin/../lib/gcc/xtensa-esp32-elf/12.2.0/ /opt/esp/tools/cmake/3.24.0/share/cmake-3.24/Modules/CMakeCXXCompilerABI.cpp -quiet -dumpdir CMakeFiles/cmTC_042fa.dir/ -dumpbase CMakeCXXCompilerABI.cpp.cpp -dumpbase-ext .cpp -mlongcalls -Wno-frame-address -version -o /tmp/cc6HtPDI.s]
  ignore line: [GNU C++17 (crosstool-NG esp-12.2.0_20230208) version 12.2.0 (xtensa-esp32-elf)]
  ignore line: [	compiled by GNU C version 4.9.2  GMP version 6.2.1  MPFR version 4.1.0  MPC version 1.2.1  isl version isl-0.24-GMP]
  ignore line: []
  ignore line: [GGC heuristics: --param ggc-min-expand=100 --param ggc-min-heapsize=131072]
  ignore line: [ignoring duplicate directory "/opt/esp/tools/xtensa-esp32-elf/esp-12.2.0_20230208/xtensa-esp32-elf/bin/../lib/gcc/../../lib/gcc/xtensa-esp32-elf/12.2.0/../../../../xtensa-esp32-elf/include/c++/12.2.0"]
  ignore line: [ignoring duplicate directory "/opt/esp/tools/xtensa-esp32-elf/esp-12.2.0_20230208/xtensa-esp32-elf/bin/../lib/gcc/../../lib/gcc/xtensa-esp32-elf/12.2.0/../../../../xtensa-esp32-elf/include/c++/12.2.0/xtensa-esp32-elf"]
  ignore line: [ignoring duplicate directory "/opt/esp/tools/xtensa-esp32-elf/esp-12.2.0_20230208/xtensa-esp32-elf/bin/../lib/gcc/../../lib/gcc/xtensa-esp32-elf/12.2.0/../../../../xtensa-esp32-elf/include/c++/12.2.0/backward"]
  ignore line: [ignoring duplicate directory "/opt/esp/tools/xtensa-esp32-elf/esp-12.2.0_20230208/xtensa-esp32-elf/bin/../lib/gcc/../../lib/gcc/xtensa-esp32-elf/12.2.0/include"]
  ignore line: [ignoring duplicate directory "/opt/esp/tools/xtensa-esp32-elf/esp-12.2.0_20230208/xtensa-esp32-elf/bin/../lib/gcc/../../lib/gcc/xtensa-esp32-elf/12.2.0/include-fixed"]
  ignore line: [ignoring duplicate directory "/opt/esp/tools/xtensa-esp32-elf/esp-12.2.0_20230208/xtensa-esp32-elf/bin/../lib/gcc/../../lib/gcc/xtensa-esp32-elf/12.2.0/../../../../xtensa-esp32-elf/sys-include"]
  ignore line: [ignoring duplicate directory "/opt/esp/tools/xtensa-esp32-elf/esp-12.2.0_20230208/xtensa-esp32-elf/bin/../lib/gcc/../../lib/gcc/xtensa-esp32-elf/12.2.0/../../../../xtensa-esp32-elf/include"]
  ignore line: [#include "..." search starts here:]
  ignore line: [#include <...> search starts here:]
  ignore line: [ /opt/esp/tools/xtensa-esp32-elf/esp-12.2.0_20230208/xtensa-esp32-elf/bin/../lib/gcc/xtensa-esp32-elf/12.2.0/../../../../xtensa-esp32-elf/include/c++/12.2.0]
  ignore line: [ /opt/esp/tools/xtensa-esp32-elf/esp-12.2.0_20230208/xtensa-esp32-elf/bin/../lib/gcc/xtensa-esp32-elf/12.2.0/../../../../xtensa-esp32-elf/include/c++/12.2.0/xtensa-esp32-elf]
  ignore line: [ /opt/esp/tools/xtensa-esp32-elf/esp-12.2.0_20230208/xtensa-esp32-elf/bin/../lib/gcc/xtensa-esp32-elf/12.2.0/../../../../xtensa-esp32-elf/include/c++/12.2.0/backward]
  ignore line: [ /opt/esp/tools/xtensa-esp32-elf/esp-12.2.0_20230208/xtensa-esp32-elf/bin/../lib/gcc/xtensa-esp32-elf/12.2.0/include]
  ignore line: [ /opt/esp/tools/xtensa-esp32-elf/esp-12.2.0_20230208/xtensa-esp32-elf/bin/../lib/gcc/xtensa-esp32-elf/12.2.0/include-fixed]
  ignore line: [ /opt/esp/tools/xtensa-esp32-elf/esp-12.2.0_20230208/xtensa-esp32-elf/bin/../lib/gcc/xtensa-esp32-elf/12.2.0/../../../../xtensa-esp32-elf/sys-include]
  ignore line: [ /opt/esp/tools/xtensa-esp32-elf/esp-12.2.0_20230208/xtensa-esp32-elf/bin/../lib/gcc/xtensa-esp32-elf/12.2.0/../../../../xtensa-esp32-elf/include]
  ignore line: [End of search list.]
  ignore line: [GNU C++17 (crosstool-NG esp-12.2.0_20230208) version 12.2.0 (xtensa-esp32-elf)]
  ignore line: [	compiled by GNU C version 4.9.2  GMP version 6.2.1  MPFR version 4.1.0  MPC version 1.2.1  isl version isl-0.24-GMP]
  ignore line: []
  ignore line: [GGC heuristics: --param ggc-min-expand=100 --param ggc-min-heapsize=131072]
  ignore line: [Compiler executable checksum: 14c3d3463b249927e358e8af6e36a201]
  ignore line: [COLLECT_GCC_OPTIONS='-mlongcalls' '-Wno-frame-address' '-v' '-o' 'CMakeFiles/cmTC_042fa.dir/CMakeCXXCompilerABI.cpp.obj' '-c' '-dumpdir' 'CMakeFiles/cmTC_042fa.dir/']
  ignore line: [ /opt/esp/tools/xtensa-esp32-elf/esp-12.2.0_20230208/xtensa-esp32-elf/bin/../lib/gcc/xtensa-esp32-elf/12.2.0/../../../../xtensa-esp32-elf/bin/as --traditional-format --longcalls -o CMakeFiles/cmTC_042fa.dir/CMakeCXXCompilerABI.cpp.obj /tmp/cc6HtPDI.s]
  ignore line: [COMPILER_PATH=/opt/esp/tools/xtensa-esp32-elf/esp-12.2.0_20230208/xtensa-esp32-elf/bin/../libexec/gcc/xtensa-esp32-elf/12.2.0/:/opt/esp/tools/xtensa-esp32-elf/esp-12.2.0_20230208/xtensa-esp32-elf/bin/../libexec/gcc/:/opt/esp/tools/xtensa-esp32-elf/esp-12.2.0_20230208/xtensa-esp32-elf/bin/../lib/gcc/xtensa-esp32-elf/12.2.0/../../../../xtensa-esp32-elf/bin/]
  ignore line: [LIBRARY_PATH=/opt/esp/tools/xtensa-esp32-elf/esp-12.2.0_20230208/xtensa-esp32-elf/bin/../lib/gcc/xtensa-esp32-elf/12.2.0/:/opt/esp/tools/xtensa-esp32-elf/esp-12.2.0_20230208/xtensa-esp32-elf/bin/../lib/gcc/:/opt/esp/tools/xtensa-esp32-elf/esp-12.2.0_20230208/xtensa-esp32-elf/bin/../lib/gcc/xtensa-esp32-elf/12.2.0/../../../../xtensa-esp32-elf/lib/]
  ignore line: [COLLECT_GCC_OPTIONS='-mlongcalls' '-Wno-frame-address' '-v' '-o' 'CMakeFiles/cmTC_042fa.dir/CMakeCXXCompilerABI.cpp.obj' '-c' '-dumpdir' 'CMakeFiles/cmTC_042fa.dir/CMakeCXXCompilerABI.cpp.']
  ignore line: [[2/2] Linking CXX executable cmTC_042fa]
  ignore line: [Using built-in specs.]
  ignore line: [COLLECT_GCC=/opt/esp/tools/xtensa-esp32-elf/esp-12.2.0_20230208/xtensa-esp32-elf/bin/xtensa-esp32-elf-g++]
  ignore line: [COLLECT_LTO_WRAPPER=/opt/esp/tools/xtensa-esp32-elf/esp-12.2.0_20230208/xtensa-esp32-elf/bin/../libexec/gcc/xtensa-esp32-elf/12.2.0/lto-wrapper]
  ignore line: [Target: xtensa-esp32-elf]
  ignore line: [Configured with: /builds/idf/crosstool-NG/.build/xtensa-esp32-elf/src/gcc/configure --build=x86_64-build_pc-linux-gnu --host=x86_64-build_pc-linux-gnu --target=xtensa-esp32-elf --prefix=/builds/idf/crosstool-NG/builds/xtensa-esp32-elf --exec_prefix=/builds/idf/crosstool-NG/builds/xtensa-esp32-elf --with-local-prefix=/builds/idf/crosstool-NG/builds/xtensa-esp32-elf/xtensa-esp32-elf --with-headers=/builds/idf/crosstool-NG/builds/xtensa-esp32-elf/xtensa-esp32-elf/include --with-newlib --enable-threads=no --disable-shared --with-pkgversion='crosstool-NG esp-12.2.0_20230208' --disable-__cxa_atexit --enable-cxx-flags=-ffunction-sections --disable-libgomp --disable-libmudflap --disable-libmpx --disable-libssp --disable-libquadmath --disable-libquadmath-support --disable-libstdcxx-verbose --with-gmp=/builds/idf/crosstool-NG/.build/xtensa-esp32-elf/buildtools --with-mpfr=/builds/idf/crosstool-NG/.build/xtensa-esp32-elf/buildtools --with-mpc=/builds/idf/crosstool-NG/.build/xtensa-esp32-elf/buildtools --with-isl=/builds/idf/crosstool-NG/.build/xtensa-esp32-elf/buildtools --enable-lto --enable-target-optspace --without-long-double-128 --disable-nls --enable-multiarch --enable-languages=c c++ --disable-libstdcxx-verbose --enable-threads=posix --enable-gcov-custom-rtio --enable-libstdcxx-time=yes]
  ignore line: [Thread model: posix]
  ignore line: [Supported LTO compression algorithms: zlib]
  ignore line: [gcc version 12.2.0 (crosstool-NG esp-12.2.0_20230208) ]
  ignore line: [COMPILER_PATH=/opt/esp/tools/xtensa-esp32-elf/esp-12.2.0_20230208/xtensa-esp32-elf/bin/../libexec/gcc/xtensa-esp32-elf/12.2.0/:/opt/esp/tools/xtensa-esp32-elf/esp-12.2.0_20230208/xtensa-esp32-elf/bin/../libexec/gcc/:/opt/esp/tools/xtensa-esp32-elf/esp-12.2.0_20230208/xtensa-esp32-elf/bin/../lib/gcc/xtensa-esp32-elf/12.2.0/../../../../xtensa-esp32-elf/bin/]
  ignore line: [LIBRARY_PATH=/opt/esp/tools/xtensa-esp32-elf/esp-12.2.0_20230208/xtensa-esp32-elf/bin/../lib/gcc/xtensa-esp32-elf/12.2.0/:/opt/esp/tools/xtensa-esp32-elf/esp-12.2.0_20230208/xtensa-esp32-elf/bin/../lib/gcc/:/opt/esp/tools/xtensa-esp32-elf/esp-12.2.0_20230208/xtensa-esp32-elf/bin/../lib/gcc/xtensa-esp32-elf/12.2.0/../../../../xtensa-esp32-elf/lib/]
  ignore line: [COLLECT_GCC_OPTIONS='-mlongcalls' '-Wno-frame-address' '-v' '-o' 'cmTC_042fa' '-dumpdir' 'cmTC_042fa.']
  link line: [ /opt/esp/tools/xtensa-esp32-elf/esp-12.2.0_20230208/xtensa-esp32-elf/bin/../libexec/gcc/xtensa-esp32-elf/12.2.0/collect2 -plugin /opt/esp/tools/xtensa-esp32-elf/esp-12.2.0_20230208/xtensa-esp32-elf/bin/../libexec/gcc/xtensa-esp32-elf/12.2.0/liblto_plugin.so -plugin-opt=/opt/esp/tools/xtensa-esp32-elf/esp-12.2.0_20230208/xtensa-esp32-elf/bin/../libexec/gcc/xtensa-esp32-elf/12.2.0/lto-wrapper -plugin-opt=-fresolution=/tmp/ccRpTMH2.res -plugin-opt=-pass-through=-lgcc -plugin-opt=-pass-through=-lc -plugin-opt=-pass-through=-lnosys -plugin-opt=-pass-through=-lc -plugin-opt=-pass-through=-lgcc -o cmTC_042fa /opt/esp/tools/xtensa-esp32-elf/esp-12.2.0_20230208/xtensa-esp32-elf/bin/../lib/gcc/xtensa-esp32-elf/12.2.0/../../../../xtensa-esp32-elf/lib/crt0.o /opt/esp/tools/xtensa-esp32-elf/esp-12.2.0_20230208/xtensa-esp32-elf/bin/../lib/gcc/xtensa-esp32-elf/12.2.0/crti.o /opt/esp/tools/xtensa-esp32-elf/esp-12.2.0_20230208/xtensa-esp32-elf/bin/../lib/gcc/xtensa-esp32-elf/12.2.0/crtbegin.o -L/opt/esp/tools/xtensa-esp32-elf/esp-12.2.0_20230208/xtensa-esp32-elf/bin/../lib/gcc/xtensa-esp32-elf/12.2.0 -L/opt/esp/tools/xtensa-esp32-elf/esp-12.2.0_20230208/xtensa-esp32-elf/bin/../lib/gcc -L/opt/esp/tools/xtensa-esp32-elf/esp-12.2.0_20230208/xtensa-esp32-elf/bin/../lib/gcc/xtensa-esp32-elf/12.2.0/../../../../xtensa-esp32-elf/lib CMakeFiles/cmTC_042fa.dir/CMakeCXXCompilerABI.cpp.obj -lstdc++ -lm -lgcc -lc -lnosys -lc -lgcc /opt/esp/tools/xtensa-esp32-elf/esp-12.2.0_20230208/xtensa-esp32-elf/bin/../lib/gcc/xtensa-esp32-elf/12.2.0/crtend.o /opt/esp/tools/xtensa-esp32-elf/esp-12.2.0_20230208/xtensa-esp32-elf/bin/../lib/gcc/xtensa-esp32-elf/12.2.0/crtn.o]
    arg [/opt/esp/tools/xtensa-esp32-elf/esp-12.2.0_20230208/xtensa-esp32-elf/bin/../libexec/gcc/xtensa-esp32-elf/12.2.0/collect2] ==> ignore
    arg [-plugin] ==> ignore
    arg [/opt/esp/tools/xtensa-esp32-elf/esp-12.2.0_20230208/xtensa-esp32-elf/bin/../libexec/gcc/xtensa-esp32-elf/12.2.0/liblto_plugin.so] ==> ignore
    arg [-plugin-opt=/opt/esp/tools/xtensa-esp32-elf/esp-12.2.0_20230208/xtensa-esp32-elf/bin/../libexec/gcc/xtensa-esp32-elf/12.2.0/lto-wrapper] ==> ignore
    arg [-plugin-opt=-fresolution=/tmp/ccRpTMH2.res] ==> ignore
    arg [-plugin-opt=-pass-through=-lgcc] ==> ignore
    arg [-plugin-opt=-pass-through=-lc] ==> ignore
    arg [-plugin-opt=-pass-through=-lnosys] ==> ignore
    arg [-plugin-opt=-pass-through=-lc] ==> ignore
    arg [-plugin-opt=-pass-through=-lgcc] ==> ignore
    arg [-o] ==> ignore
    arg [cmTC_042fa] ==> ignore
    arg [/opt/esp/tools/xtensa-esp32-elf/esp-12.2.0_20230208/xtensa-esp32-elf/bin/../lib/gcc/xtensa-esp32-elf/12.2.0/../../../../xtensa-esp32-elf/lib/crt0.o] ==> obj [/opt/esp/tools/xtensa-esp32-elf/esp-12.2.0_20230208/xtensa-esp32-elf/bin/../lib/gcc/xtensa-esp32-elf/12.2.0/../../../../xtensa-esp32-elf/lib/crt0.o]
    arg [/opt/esp/tools/xtensa-esp32-elf/esp-12.2.0_20230208/xtensa-esp32-elf/bin/../lib/gcc/xtensa-esp32-elf/12.2.0/crti.o] ==> obj [/opt/esp/tools/xtensa-esp32-elf/esp-12.2.0_20230208/xtensa-esp32-elf/bin/../lib/gcc/xtensa-esp32-elf/12.2.0/crti.o]
    arg [/opt/esp/tools/xtensa-esp32-elf/esp-12.2.0_20230208/xtensa-esp32-elf/bin/../lib/gcc/xtensa-esp32-elf/12.2.0/crtbegin.o] ==> obj [/opt/esp/tools/xtensa-esp32-elf/esp-12.2.0_20230208/xtensa-esp32-elf/bin/../lib/gcc/xtensa-esp32-elf/12.2.0/crtbegin.o]
    arg [-L/opt/esp/tools/xtensa-esp32-elf/esp-12.2.0_20230208/xtensa-esp32-elf/bin/../lib/gcc/xtensa-esp32-elf/12.2.0] ==> dir [/opt/esp/tools/xtensa-esp32-elf/esp-12.2.0_20230208/xtensa-esp32-elf/bin/../lib/gcc/xtensa-esp32-elf/12.2.0]
    arg [-L/opt/esp/tools/xtensa-esp32-elf/esp-12.2.0_20230208/xtensa-esp32-elf/bin/../lib/gcc] ==> dir [/opt/esp/tools/xtensa-esp32-elf/esp-12.2.0_20230208/xtensa-esp32-elf/bin/../lib/gcc]
    arg [-L/opt/esp/tools/xtensa-esp32-elf/esp-12.2.0_20230208/xtensa-esp32-elf/bin/../lib/gcc/xtensa-esp32-elf/12.2.0/../../../../xtensa-esp32-elf/lib] ==> dir [/opt/esp/tools/xtensa-esp32-elf/esp-12.2.0_20230208/xtensa-esp32-elf/bin/../lib/gcc/xtensa-esp32-elf/12.2.0/../../../../xtensa-esp32-elf/lib]
    arg [CMakeFiles/cmTC_042fa.dir/CMakeCXXCompilerABI.cpp.obj] ==> ignore
    arg [-lstdc++] ==> lib [stdc++]
    arg [-lm] ==> lib [m]
    arg [-lgcc] ==> lib [gcc]
    arg [-lc] ==> lib [c]
    arg [-lnosys] ==> lib [nosys]
    arg [-lc] ==> lib [c]
    arg [-lgcc] ==> lib [gcc]
    arg [/opt/esp/tools/xtensa-esp32-elf/esp-12.2.0_20230208/xtensa-esp32-elf/bin/../lib/gcc/xtensa-esp32-elf/12.2.0/crtend.o] ==> obj [/opt/esp/tools/xtensa-esp32-elf/esp-12.2.0_20230208/xtensa-esp32-elf/bin/../lib/gcc/xtensa-esp32-elf/12.2.0/crtend.o]
    arg [/opt/esp/tools/xtensa-esp32-elf/esp-12.2.0_20230208/xtensa-esp32-elf/bin/../lib/gcc/xtensa-esp32-elf/12.2.0/crtn.o] ==> obj [/opt/esp/tools/xtensa-esp32-elf/esp-12.2.0_20230208/xtensa-esp32-elf/bin/../lib/gcc/xtensa-esp32-elf/12.2.0/crtn.o]
  collapse obj [/opt/esp/tools/xtensa-esp32-elf/esp-12.2.0_20230208/xtensa-esp32-elf/bin/../lib/gcc/xtensa-esp32-elf/12.2.0/../../../../xtensa-esp32-elf/lib/crt0.o] ==> [/opt/esp/tools/xtensa-esp32-elf/esp-12.2.0_20230208/xtensa-esp32-elf/xtensa-esp32-elf/lib/crt0.o]
  collapse obj [/opt/esp/tools/xtensa-esp32-elf/esp-12.2.0_20230208/xtensa-esp32-elf/bin/../lib/gcc/xtensa-esp32-elf/12.2.0/crti.o] ==> [/opt/esp/tools/xtensa-esp32-elf/esp-12.2.0_20230208/xtensa-esp32-elf/lib/gcc/xtensa-esp32-elf/12.2.0/crti.o]
  collapse obj [/opt/esp/tools/xtensa-esp32-elf/esp-12.2.0_20230208/xtensa-esp32-elf/bin/../lib/gcc/xtensa-esp32-elf/12.2.0/crtbegin.o] ==> [/opt/esp/tools/xtensa-esp32-elf/esp-12.2.0_20230208/xtensa-esp32-elf/lib/gcc/xtensa-esp32-elf/12.2.0/crtbegin.o]
  collapse obj [/opt/esp/tools/xtensa-esp32-elf/esp-12.2.0_20230208/xtensa-esp32-elf/bin/../lib/gcc/xtensa-esp32-elf/12.2.0/crtend.o] ==> [/opt/esp/tools/xtensa-esp32-elf/esp-12.2.0_20230208/xtensa-esp32-elf/lib/gcc/xtensa-esp32-elf/12.2.0/crtend.o]
  collapse obj [/opt/esp/tools/xtensa-esp32-elf/esp-12.2.0_20230208/xtensa-esp32-elf/bin/../lib/gcc/xtensa-esp32-elf/12.2.0/crtn.o] ==> [/opt/esp/tools/xtensa-esp32-elf/esp-12.2.0_20230208/xtensa-esp32-elf/lib/gcc/xtensa-esp32-elf/12.2.0/crtn.o]
  collapse library dir [/opt/esp/tools/xtensa-esp32-elf/esp-12.2.0_20230208/xtensa-esp32-elf/bin/../lib/gcc/xtensa-esp32-elf/12.2.0] ==> [/opt/esp/tools/xtensa-esp32-elf/esp-12.2.0_20230208/xtensa-esp32-elf/lib/gcc/xtensa-esp32-elf/12.2.0]
  collapse library dir [/opt/esp/tools/xtensa-esp32-elf/esp-12.2.0_20230208/xtensa-esp32-elf/bin/../lib/gcc] ==> [/opt/esp/tools/xtensa-esp32-elf/esp-12.2.0_20230208/xtensa-esp32-elf/lib/gcc]
  collapse library dir [/opt/esp/tools/xtensa-esp32-elf/esp-12.2.0_20230208/xtensa-esp32-elf/bin/../lib/gcc/xtensa-esp32-elf/12.2.0/../../../../xtensa-esp32-elf/lib] ==> [/opt/esp/tools/xtensa-esp32-elf/esp-12.2.0_20230208/xtensa-esp32-elf/xtensa-esp32-elf/lib]
  implicit libs: [stdc++;m;gcc;c;nosys;c;gcc]
  implicit objs: [/opt/esp/tools/xtensa-esp32-elf/esp-12.2.0_20230208/xtensa-esp32-elf/xtensa-esp32-elf/lib/crt0.o;/opt/esp/tools/xtensa-esp32-elf/esp-12.2.0_20230208/xtensa-esp32-elf/lib/gcc/xtensa-esp32-elf/12.2.0/crti.o;/opt/esp/tools/xtensa-esp32-elf/esp-12.2.0_20230208/xtensa-esp32-elf/lib/gcc/xtensa-esp32-elf/12.2.0/crtbegin.o;/opt/esp/tools/xtensa-esp32-elf/esp-12.2.0_20230208/xtensa-esp32-elf/lib/gcc/xtensa-esp32-elf/12.2.0/crtend.o;/opt/esp/tools/xtensa-esp32-elf/esp-12.2.0_20230208/xtensa-esp32-elf/lib/gcc/xtensa-esp32-elf/12.2.0/crtn.o]
  implicit dirs: [/opt/esp/tools/xtensa-esp32-elf/esp-12.2.0_20230208/xtensa-esp32-elf/lib/gcc/xtensa-esp32-elf/12.2.0;/opt/esp/tools/xtensa-esp32-elf/esp-12.2.0_20230208/xtensa-esp32-elf/lib/gcc;/opt/esp/tools/xtensa-esp32-elf/esp-12.2.0_20230208/xtensa-esp32-elf/xtensa-esp32-elf/lib]
  implicit fwks: []


Determining if the include file sys/types.h exists passed with the following output:
Change Dir: /data/lab09n3/build/CMakeFiles/CMakeTmp

Run Build Command(s):/usr/bin/ninja cmTC_e9aed && [1/2] Building C object CMakeFiles/cmTC_e9aed.dir/CheckIncludeFile.c.obj
[2/2] Linking C executable cmTC_e9aed



Determining if the include file stdint.h exists passed with the following output:
Change Dir: /data/lab09n3/build/CMakeFiles/CMakeTmp

Run Build Command(s):/usr/bin/ninja cmTC_c588c && [1/2] Building C object CMakeFiles/cmTC_c588c.dir/CheckIncludeFile.c.obj
[2/2] Linking C executable cmTC_c588c



Determining if the include file stddef.h exists passed with the following output:
Change Dir: /data/lab09n3/build/CMakeFiles/CMakeTmp

Run Build Command(s):/usr/bin/ninja cmTC_239ae && [1/2] Building C object CMakeFiles/cmTC_239ae.dir/CheckIncludeFile.c.obj
[2/2] Linking C executable cmTC_239ae



Determining size of time_t passed with the following output:
Change Dir: /data/lab09n3/build/CMakeFiles/CMakeTmp

Run Build Command(s):/usr/bin/ninja cmTC_e2d2f && [1/2] Building C object CMakeFiles/cmTC_e2d2f.dir/TIME_T_SIZE.c.obj
[2/2] Linking C executable cmTC_e2d2f



Performing C SOURCE FILE Test C_COMPILER_SUPPORTS_WFORMAT_SIGNEDNESS succeeded with the following output:
Change Dir: /data/lab09n3/build/CMakeFiles/CMakeTmp

Run Build Command(s):/usr/bin/ninja cmTC_0c033 && [1/2] Building C object CMakeFiles/cmTC_0c033.dir/src.c.obj
[2/2] Linking C executable cmTC_0c033


Source file was:
int main(void) { return 0; }
